        -:    0:Source:C:/Users/Isaac/Desktop/GINF/2º/IS/p1/cute/cute_diff_values.h
        -:    0:Graph:C:/Users/Isaac/Desktop/GINF/2º/IS/p1/Debug Gcov/src/Test.gcno
        -:    0:Data:C:/Users/Isaac/Desktop/GINF/2º/IS/p1/Debug Gcov/src/Test.gcda
        -:    0:Runs:1
        -:    1:/*********************************************************************************
        -:    2: * This file is part of CUTE.
        -:    3: *
        -:    4: * Copyright (c) 2013-2018 Peter Sommerlad, IFS
        -:    5: *
        -:    6: * Permission is hereby granted, free of charge, to any person obtaining a copy
        -:    7: * of this software and associated documentation files (the "Software"), to deal
        -:    8: * in the Software without restriction, including without limitation the rights
        -:    9: * to use, copy, modify, merge, publish, distribute, sublicense, and/or sell
        -:   10: * copies of the Software, and to permit persons to whom the Software is
        -:   11: * furnished to do so, subject to the following conditions:
        -:   12: *
        -:   13: * The above copyright notice and this permission notice shall be included in all
        -:   14: * copies or substantial portions of the Software.
        -:   15: *
        -:   16: * THE SOFTWARE IS PROVIDED "AS IS", WITHOUT WARRANTY OF ANY KIND, EXPRESS OR
        -:   17: * IMPLIED, INCLUDING BUT NOT LIMITED TO THE WARRANTIES OF MERCHANTABILITY,
        -:   18: * FITNESS FOR A PARTICULAR PURPOSE AND NONINFRINGEMENT. IN NO EVENT SHALL THE
        -:   19: * AUTHORS OR COPYRIGHT HOLDERS BE LIABLE FOR ANY CLAIM, DAMAGES OR OTHER
        -:   20: * LIABILITY, WHETHER IN AN ACTION OF CONTRACT, TORT OR OTHERWISE, ARISING FROM,
        -:   21: * OUT OF OR IN CONNECTION WITH THE SOFTWARE OR THE USE OR OTHER DEALINGS IN THE
        -:   22: * SOFTWARE.
        -:   23: *
        -:   24: *********************************************************************************/
        -:   25:
        -:   26:#ifndef CUTE_DIFF_VALUES_H_
        -:   27:#define CUTE_DIFF_VALUES_H_
        -:   28:#include "cute_to_string.h"
        -:   29:namespace cute {
        -:   30:	// you could provide your own overload for diff_values for your app-specific types
        -:   31:	// be sure to use tabs as given below, then the CUTE eclipse plug-in will parse correctly
        -:   32:	template <typename ExpectedValue, typename ActualValue>
    #####:   33:	std::string diff_values(ExpectedValue const &expected
        -:   34:						, ActualValue const & actual
        -:   35:						, char const *left="expected"
        -:   36:						, char const *right="but was"){
        -:   37:		// construct a simple message...to be parsed by IDE support
    #####:   38:		std::string res;
    #####:   39:		res += ' ';
    #####:   40:		res += left;
    #####:   41:		res+=":\t" + cute_to_string::backslashQuoteTabNewline(cute_to_string::to_string(expected))+'\t';
    #####:   42:		res += right;
    #####:   43:		res +=":\t"+cute_to_string::backslashQuoteTabNewline(cute_to_string::to_string(actual))+'\t';
    #####:   44:		return res;
        -:   45:	}
        -:   46:}
        -:   47:
        -:   48:#endif /* CUTE_DIFF_VALUES_H_ */
